<?xml version="1.0" encoding="UTF-8"?>
<!-- Generated by org.testng.reporters.JUnitXMLReporter -->
<testsuite ignored="0" hostname="DESKTOP-529V1VI" failures="1" tests="1" name="chromeTest" time="23.339" errors="0" timestamp="2022-04-14T11:15:33 IST">
  <testcase classname="com.Kite.TestCaseclasses.TC01KiteLoginPageFunctionality" name="LoginPagefunctionality" time="2.478">
    <failure type="org.openqa.selenium.UnsupportedCommandException" message="HTTP method not allowed
Command duration or timeout: 4 milliseconds
Build info: version: &amp;apos;4.1.2&amp;apos;, revision: &amp;apos;9a5a329c5a&amp;apos;
System info: host: &amp;apos;DESKTOP-529V1VI&amp;apos;, ip: &amp;apos;192.168.237.161&amp;apos;, os.name: &amp;apos;Windows 10&amp;apos;, os.arch: &amp;apos;amd64&amp;apos;, os.version: &amp;apos;10.0&amp;apos;, java.version: &amp;apos;18&amp;apos;
Driver info: org.openqa.selenium.firefox.FirefoxDriver
Command: [c85a4176-914f-487b-9a28-6ad973f4a7ca, getElementAriaRole {id=47049a92-bd20-461d-86bb-08efcd831198}]
Capabilities {acceptInsecureCerts: true, browserName: firefox, browserVersion: 99.0.1, javascriptEnabled: true, moz:accessibilityChecks: false, moz:buildID: 20220411174855, moz:debuggerAddress: localhost:53975, moz:geckodriverVersion: 0.31.0, moz:headless: false, moz:processID: 5132, moz:profile: C:\Users\Admin\AppData\Loca..., moz:shutdownTimeout: 60000, moz:useNonSpecCompliantPointerOrigin: false, moz:webdriverClick: true, pageLoadStrategy: normal, platform: WINDOWS, platformName: WINDOWS, platformVersion: 10.0, proxy: Proxy(), se:cdp: ws://localhost:53975/devtoo..., se:cdpVersion: 85.0, setWindowRect: true, strictFileInteractability: false, timeouts: {implicit: 0, pageLoad: 300000, script: 30000}, unhandledPromptBehavior: dismiss and notify}
Element: [[FirefoxDriver: firefox on WINDOWS (c85a4176-914f-487b-9a28-6ad973f4a7ca)] -&amp;gt; xpath: //span[@class=&amp;apos;icon icon-exit&amp;apos;]]
Session ID: c85a4176-914f-487b-9a28-6ad973f4a7ca">
      <![CDATA[org.openqa.selenium.UnsupportedCommandException: HTTP method not allowed
Command duration or timeout: 4 milliseconds
Build info: version: '4.1.2', revision: '9a5a329c5a'
System info: host: 'DESKTOP-529V1VI', ip: '192.168.237.161', os.name: 'Windows 10', os.arch: 'amd64', os.version: '10.0', java.version: '18'
Driver info: org.openqa.selenium.firefox.FirefoxDriver
Command: [c85a4176-914f-487b-9a28-6ad973f4a7ca, getElementAriaRole {id=47049a92-bd20-461d-86bb-08efcd831198}]
Capabilities {acceptInsecureCerts: true, browserName: firefox, browserVersion: 99.0.1, javascriptEnabled: true, moz:accessibilityChecks: false, moz:buildID: 20220411174855, moz:debuggerAddress: localhost:53975, moz:geckodriverVersion: 0.31.0, moz:headless: false, moz:processID: 5132, moz:profile: C:\Users\Admin\AppData\Loca..., moz:shutdownTimeout: 60000, moz:useNonSpecCompliantPointerOrigin: false, moz:webdriverClick: true, pageLoadStrategy: normal, platform: WINDOWS, platformName: WINDOWS, platformVersion: 10.0, proxy: Proxy(), se:cdp: ws://localhost:53975/devtoo..., se:cdpVersion: 85.0, setWindowRect: true, strictFileInteractability: false, timeouts: {implicit: 0, pageLoad: 300000, script: 30000}, unhandledPromptBehavior: dismiss and notify}
Element: [[FirefoxDriver: firefox on WINDOWS (c85a4176-914f-487b-9a28-6ad973f4a7ca)] -> xpath: //span[@class='icon icon-exit']]
Session ID: c85a4176-914f-487b-9a28-6ad973f4a7ca
at org.openqa.selenium.remote.ErrorHandler.createThrowable(ErrorHandler.java:217)
at org.openqa.selenium.remote.ErrorHandler.throwIfResponseFailed(ErrorHandler.java:169)
at org.openqa.selenium.remote.RemoteWebDriver.execute(RemoteWebDriver.java:593)
at org.openqa.selenium.remote.RemoteWebElement.execute(RemoteWebElement.java:251)
at org.openqa.selenium.remote.RemoteWebElement.getAriaRole(RemoteWebElement.java:159)
at org.openqa.selenium.support.pagefactory.internal.LocatingElementHandler.invoke(LocatingElementHandler.java:52)
at jdk.proxy2/jdk.proxy2.$Proxy17.getAriaRole(Unknown Source)
at com.Kite.POMclasses.KiteLoginPage.text1(KiteLoginPage.java:69)
at com.Kite.TestCaseclasses.TC01KiteLoginPageFunctionality.LoginPagefunctionality(TC01KiteLoginPageFunctionality.java:76)
at java.base/java.util.ArrayList.forEach(ArrayList.java:1511)
... Removed 30 stack frames]]>
    </failure>
  </testcase> <!-- LoginPagefunctionality -->
</testsuite> <!-- chromeTest -->
