<?xml version="1.0" encoding="UTF-8"?>
<!-- Generated by org.testng.reporters.JUnitXMLReporter -->
<testsuite ignored="0" hostname="DESKTOP-529V1VI" failures="0" tests="3" name="chrome" time="18.686" errors="0" timestamp="2022-04-17T23:55:56 IST">
  <testcase classname="com.Kite.TestCaseclasses.TC02KiteAddToShareFunctionality" name="@BeforeMethod SetUp" time="0.632">
    <failure type="java.lang.IllegalStateException" message="The driver executable must exist: C:\Users\Admin\eclipse-workspace\ss\.drivers\chromedriver.exe">
      <![CDATA[java.lang.IllegalStateException: The driver executable must exist: C:\Users\Admin\eclipse-workspace\ss\.drivers\chromedriver.exe
at org.openqa.selenium.internal.Require$FileStateChecker.isFile(Require.java:342)
at org.openqa.selenium.remote.service.DriverService.checkExecutable(DriverService.java:147)
at org.openqa.selenium.remote.service.DriverService.findExecutable(DriverService.java:142)
at org.openqa.selenium.chrome.ChromeDriverService.access$000(ChromeDriverService.java:38)
at org.openqa.selenium.chrome.ChromeDriverService$Builder.findDefaultExecutable(ChromeDriverService.java:231)
at org.openqa.selenium.remote.service.DriverService$Builder.build(DriverService.java:437)
at org.openqa.selenium.chrome.ChromeDriverService.createDefaultService(ChromeDriverService.java:127)
at org.openqa.selenium.chrome.ChromeDriver.<init>(ChromeDriver.java:48)
at com.Kite.TestCaseclasses.TC02KiteAddToShareFunctionality.SetUp(TC02KiteAddToShareFunctionality.java:34)
at java.base/java.util.ArrayList.forEach(ArrayList.java:1511)
... Removed 29 stack frames]]>
    </failure>
  </testcase> <!-- @BeforeMethod SetUp -->
  <testcase classname="com.Kite.TestCaseclasses.TC02KiteAddToShareFunctionality" name="@AfterMethod TearDwon" time="-1.650219938464E9">
    <skipped/>
  </testcase> <!-- @AfterMethod TearDwon -->
  <testcase classname="com.Kite.TestCaseclasses.TC03KiteLogoutFunctionality" name="@BeforeMethod SetUp" time="0.016">
    <failure type="java.lang.IllegalStateException" message="The driver executable must exist: C:\Users\Admin\eclipse-workspace\ss\.drivers\chromedriver.exe">
      <![CDATA[java.lang.IllegalStateException: The driver executable must exist: C:\Users\Admin\eclipse-workspace\ss\.drivers\chromedriver.exe
at org.openqa.selenium.internal.Require$FileStateChecker.isFile(Require.java:342)
at org.openqa.selenium.remote.service.DriverService.checkExecutable(DriverService.java:147)
at org.openqa.selenium.remote.service.DriverService.findExecutable(DriverService.java:142)
at org.openqa.selenium.chrome.ChromeDriverService.access$000(ChromeDriverService.java:38)
at org.openqa.selenium.chrome.ChromeDriverService$Builder.findDefaultExecutable(ChromeDriverService.java:231)
at org.openqa.selenium.remote.service.DriverService$Builder.build(DriverService.java:437)
at org.openqa.selenium.chrome.ChromeDriverService.createDefaultService(ChromeDriverService.java:127)
at org.openqa.selenium.chrome.ChromeDriver.<init>(ChromeDriver.java:48)
at com.Kite.TestCaseclasses.TC03KiteLogoutFunctionality.SetUp(TC03KiteLogoutFunctionality.java:32)
at java.base/java.util.ArrayList.forEach(ArrayList.java:1511)
... Removed 29 stack frames]]>
    </failure>
  </testcase> <!-- @BeforeMethod SetUp -->
  <testcase classname="com.Kite.TestCaseclasses.TC03KiteLogoutFunctionality" name="@AfterMethod TeraOut" time="-1.650219938541E9">
    <skipped/>
  </testcase> <!-- @AfterMethod TeraOut -->
  <testcase classname="com.Kite.TestCaseclasses.TC02KiteAddToShareFunctionality" name="KiteAddToShareFunctionality" time="0.0">
    <skipped/>
  </testcase> <!-- KiteAddToShareFunctionality -->
  <testcase classname="com.Kite.TestCaseclasses.TC03KiteLogoutFunctionality" name="LogOutPagefunctionality" time="0.0">
    <skipped/>
  </testcase> <!-- LogOutPagefunctionality -->
  <testcase classname="com.Kite.TestCaseclasses.TC01KiteLoginPageFunctionality" name="LoginPagefunctionality" time="0.012"/>
</testsuite> <!-- chrome -->
