<?xml version="1.0" encoding="UTF-8"?>
<!-- Generated by org.testng.reporters.JUnitXMLReporter -->
<testsuite ignored="0" hostname="DESKTOP-529V1VI" failures="0" tests="3" name="Firefox" time="91.914" errors="0" timestamp="2022-04-14T13:23:37 IST">
  <testcase classname="com.Kite.TestCaseclasses.TC02KiteAddToShareFunctionality" name="@BeforeMethod SetUp" time="47.641">
    <failure type="org.openqa.selenium.NoSuchElementException" message="Unable to locate element: //li[@class=&amp;apos;search-result-item selected&amp;apos;]
For documentation on this error, please visit: https://selenium.dev/exceptions/#no_such_element
Build info: version: &amp;apos;4.1.2&amp;apos;, revision: &amp;apos;9a5a329c5a&amp;apos;
System info: host: &amp;apos;DESKTOP-529V1VI&amp;apos;, ip: &amp;apos;192.168.237.161&amp;apos;, os.name: &amp;apos;Windows 10&amp;apos;, os.arch: &amp;apos;amd64&amp;apos;, os.version: &amp;apos;10.0&amp;apos;, java.version: &amp;apos;18&amp;apos;
Driver info: org.openqa.selenium.firefox.FirefoxDriver
Command: [96d82713-fa4e-4fa1-8355-bf2692b731a8, findElement {using=xpath, value=//li[@class=&amp;apos;search-result-item selected&amp;apos;]}]
Capabilities {acceptInsecureCerts: true, browserName: firefox, browserVersion: 99.0.1, javascriptEnabled: true, moz:accessibilityChecks: false, moz:buildID: 20220411174855, moz:debuggerAddress: localhost:49943, moz:geckodriverVersion: 0.31.0, moz:headless: false, moz:processID: 15124, moz:profile: C:\Users\Admin\AppData\Loca..., moz:shutdownTimeout: 60000, moz:useNonSpecCompliantPointerOrigin: false, moz:webdriverClick: true, pageLoadStrategy: normal, platform: WINDOWS, platformName: WINDOWS, platformVersion: 10.0, proxy: Proxy(), se:cdp: ws://localhost:49943/devtoo..., se:cdpVersion: 85.0, setWindowRect: true, strictFileInteractability: false, timeouts: {implicit: 0, pageLoad: 300000, script: 30000}, unhandledPromptBehavior: dismiss and notify}
Session ID: 96d82713-fa4e-4fa1-8355-bf2692b731a8">
      <![CDATA[org.openqa.selenium.NoSuchElementException: Unable to locate element: //li[@class='search-result-item selected']
For documentation on this error, please visit: https://selenium.dev/exceptions/#no_such_element
Build info: version: '4.1.2', revision: '9a5a329c5a'
System info: host: 'DESKTOP-529V1VI', ip: '192.168.237.161', os.name: 'Windows 10', os.arch: 'amd64', os.version: '10.0', java.version: '18'
Driver info: org.openqa.selenium.firefox.FirefoxDriver
Command: [96d82713-fa4e-4fa1-8355-bf2692b731a8, findElement {using=xpath, value=//li[@class='search-result-item selected']}]
Capabilities {acceptInsecureCerts: true, browserName: firefox, browserVersion: 99.0.1, javascriptEnabled: true, moz:accessibilityChecks: false, moz:buildID: 20220411174855, moz:debuggerAddress: localhost:49943, moz:geckodriverVersion: 0.31.0, moz:headless: false, moz:processID: 15124, moz:profile: C:\Users\Admin\AppData\Loca..., moz:shutdownTimeout: 60000, moz:useNonSpecCompliantPointerOrigin: false, moz:webdriverClick: true, pageLoadStrategy: normal, platform: WINDOWS, platformName: WINDOWS, platformVersion: 10.0, proxy: Proxy(), se:cdp: ws://localhost:49943/devtoo..., se:cdpVersion: 85.0, setWindowRect: true, strictFileInteractability: false, timeouts: {implicit: 0, pageLoad: 300000, script: 30000}, unhandledPromptBehavior: dismiss and notify}
Session ID: 96d82713-fa4e-4fa1-8355-bf2692b731a8
at org.openqa.selenium.remote.codec.w3c.W3CHttpResponseCodec.createException(W3CHttpResponseCodec.java:200)
at org.openqa.selenium.remote.codec.w3c.W3CHttpResponseCodec.decode(W3CHttpResponseCodec.java:133)
at org.openqa.selenium.remote.codec.w3c.W3CHttpResponseCodec.decode(W3CHttpResponseCodec.java:53)
at org.openqa.selenium.remote.HttpCommandExecutor.execute(HttpCommandExecutor.java:184)
at org.openqa.selenium.remote.service.DriverCommandExecutor.invokeExecute(DriverCommandExecutor.java:167)
at org.openqa.selenium.remote.service.DriverCommandExecutor.execute(DriverCommandExecutor.java:142)
at org.openqa.selenium.remote.RemoteWebDriver.execute(RemoteWebDriver.java:558)
at org.openqa.selenium.remote.ElementLocation$ElementFinder$2.findElement(ElementLocation.java:162)
at org.openqa.selenium.remote.ElementLocation.findElement(ElementLocation.java:60)
at org.openqa.selenium.remote.RemoteWebDriver.findElement(RemoteWebDriver.java:382)
at org.openqa.selenium.remote.RemoteWebDriver.findElement(RemoteWebDriver.java:374)
at org.openqa.selenium.support.pagefactory.DefaultElementLocator.findElement(DefaultElementLocator.java:70)
at org.openqa.selenium.support.pagefactory.internal.LocatingElementHandler.invoke(LocatingElementHandler.java:39)
at jdk.proxy2/jdk.proxy2.$Proxy17.click(Unknown Source)
at com.Kite.POMclasses.KiteAddToShare.IRFC(KiteAddToShare.java:58)
at com.Kite.TestCaseclasses.TC02KiteAddToShareFunctionality.SetUp(TC02KiteAddToShareFunctionality.java:76)
at java.base/java.util.ArrayList.forEach(ArrayList.java:1511)
... Removed 32 stack frames]]>
    </failure>
  </testcase> <!-- @BeforeMethod SetUp -->
  <testcase classname="com.Kite.TestCaseclasses.TC02KiteAddToShareFunctionality" name="@AfterMethod TearDwon" time="-1.649922772841E9">
    <skipped/>
  </testcase> <!-- @AfterMethod TearDwon -->
  <testcase classname="com.Kite.TestCaseclasses.TC01KiteLoginPageFunctionality" name="@BeforeMethod SetUp" time="14.575">
    <failure type="java.io.FileNotFoundException" message="C:\Users\Admin\Desktop\Software Data\KitesnapsKite\104-04-22 &amp;amp; 13-04-875.jpg (The system cannot find the path specified)">
      <![CDATA[java.io.FileNotFoundException: C:\Users\Admin\Desktop\Software Data\KitesnapsKite\104-04-22 & 13-04-875.jpg (The system cannot find the path specified)
at java.base/java.io.FileOutputStream.open0(Native Method)
at java.base/java.io.FileOutputStream.open(FileOutputStream.java:293)
at java.base/java.io.FileOutputStream.<init>(FileOutputStream.java:235)
at java.base/java.io.FileOutputStream.<init>(FileOutputStream.java:184)
at org.openqa.selenium.io.FileHandler.copyFile(FileHandler.java:136)
at org.openqa.selenium.io.FileHandler.copy(FileHandler.java:115)
at Utiltiy.ScreenShot.screen(ScreenShot.java:35)
at com.Kite.TestCaseclasses.TC01KiteLoginPageFunctionality.SetUp(TC01KiteLoginPageFunctionality.java:52)
at java.base/java.util.ArrayList.forEach(ArrayList.java:1511)
... Removed 29 stack frames]]>
    </failure>
  </testcase> <!-- @BeforeMethod SetUp -->
  <testcase classname="com.Kite.TestCaseclasses.TC01KiteLoginPageFunctionality" name="@AfterMethod TearOut" time="-1.649922817062E9">
    <skipped/>
  </testcase> <!-- @AfterMethod TearOut -->
  <testcase classname="com.Kite.TestCaseclasses.TC02KiteAddToShareFunctionality" name="KiteAddToShareFunctionality" time="0.0">
    <skipped/>
  </testcase> <!-- KiteAddToShareFunctionality -->
  <testcase classname="com.Kite.TestCaseclasses.TC03KiteLogoutFunctionality" name="LogOutPagefunctionality" time="0.003"/>
  <testcase classname="com.Kite.TestCaseclasses.TC01KiteLoginPageFunctionality" name="LoginPagefunctionality" time="0.0">
    <skipped/>
  </testcase> <!-- LoginPagefunctionality -->
</testsuite> <!-- Firefox -->
