<?xml version="1.0" encoding="UTF-8"?>
<!-- Generated by org.testng.reporters.JUnitXMLReporter -->
<testsuite ignored="0" hostname="DESKTOP-529V1VI" failures="0" tests="3" name="Test" time="17.181" errors="0" timestamp="2022-04-17T23:42:44 IST">
  <testcase classname="com.Kite.TestCaseclasses.TC03KiteLogoutFunctionality" name="@BeforeMethod SetUp" time="-1.650219147765E9">
    <failure type="org.testng.TestNGException" message="
Parameter &amp;apos;browserName&amp;apos; is required by BeforeMethod on method SetUp but has not been marked @Optional or defined
in C:\Users\Admin\eclipse-workspace\ss\testng.xml">
      <![CDATA[org.testng.TestNGException: 
Parameter 'browserName' is required by BeforeMethod on method SetUp but has not been marked @Optional or defined
in C:\Users\Admin\eclipse-workspace\ss\testng.xml
at java.base/java.util.concurrent.ThreadPoolExecutor.runWorker(ThreadPoolExecutor.java:1136)
at java.base/java.util.concurrent.ThreadPoolExecutor$Worker.run(ThreadPoolExecutor.java:635)
at java.base/java.lang.Thread.run(Thread.java:833)
... Removed 13 stack frames]]>
    </failure>
  </testcase> <!-- @BeforeMethod SetUp -->
  <testcase classname="com.Kite.TestCaseclasses.TC02KiteAddToShareFunctionality" name="@BeforeMethod SetUp" time="-1.650219147765E9">
    <failure type="org.testng.TestNGException" message="
Parameter &amp;apos;browserName&amp;apos; is required by BeforeMethod on method SetUp but has not been marked @Optional or defined
in C:\Users\Admin\eclipse-workspace\ss\testng.xml">
      <![CDATA[org.testng.TestNGException: 
Parameter 'browserName' is required by BeforeMethod on method SetUp but has not been marked @Optional or defined
in C:\Users\Admin\eclipse-workspace\ss\testng.xml
at java.base/java.util.concurrent.ThreadPoolExecutor.runWorker(ThreadPoolExecutor.java:1136)
at java.base/java.util.concurrent.ThreadPoolExecutor$Worker.run(ThreadPoolExecutor.java:635)
at java.base/java.lang.Thread.run(Thread.java:833)
... Removed 13 stack frames]]>
    </failure>
  </testcase> <!-- @BeforeMethod SetUp -->
  <testcase classname="com.Kite.TestCaseclasses.TC03KiteLogoutFunctionality" name="@AfterMethod TeraOut" time="-1.650219147812E9">
    <skipped/>
  </testcase> <!-- @AfterMethod TeraOut -->
  <testcase classname="com.Kite.TestCaseclasses.TC02KiteAddToShareFunctionality" name="@AfterMethod TearDwon" time="-1.650219147815E9">
    <skipped/>
  </testcase> <!-- @AfterMethod TearDwon -->
  <testcase classname="com.Kite.TestCaseclasses.TC02KiteAddToShareFunctionality" name="KiteAddToShareFunctionality" time="0.0">
    <skipped/>
  </testcase> <!-- KiteAddToShareFunctionality -->
  <testcase classname="com.Kite.TestCaseclasses.TC03KiteLogoutFunctionality" name="LogOutPagefunctionality" time="0.0">
    <skipped/>
  </testcase> <!-- LogOutPagefunctionality -->
  <testcase classname="com.Kite.TestCaseclasses.TC01KiteLoginPageFunctionality" name="LoginPagefunctionality" time="0.008"/>
</testsuite> <!-- Test -->
